#-----------------------------------------------------------
# Vivado v2016.2 (64-bit)
# SW Build 1577090 on Thu Jun  2 16:32:40 MDT 2016
# IP Build 1577682 on Fri Jun  3 12:00:54 MDT 2016
# Start of session at: Mon Nov 25 23:25:17 2019
# Process ID: 3876
# Current directory: E:/vivado/vivado experiment/depro
# Command line: vivado.exe -gui_launcher_event rodinguilauncherevent12628 E:\vivado\vivado experiment\depro\depro.xpr
# Log file: E:/vivado/vivado experiment/depro/vivado.log
# Journal file: E:/vivado/vivado experiment/depro\vivado.jou
#-----------------------------------------------------------
start_gui
open_project {E:/vivado/vivado experiment/depro/depro.xpr}
Scanning sources...
Finished scanning sources
INFO: [IP_Flow 19-234] Refreshing IP repositories
INFO: [IP_Flow 19-1704] No user IP repositories specified
INFO: [IP_Flow 19-2313] Loaded Vivado IP repository 'E:/vivado/Vivado/2016.2/data/ip'.
update_compile_order -fileset sources_1
exit
INFO: [Common 17-206] Exiting Vivado at Mon Nov 25 23:30:22 2019...
